<?xml version="1.0" encoding="UTF-8"?>
<!-- Generated by org.testng.reporters.JUnitReportReporter -->
<testsuite skipped="0" hostname="Hannas-MacBook-Air.local" name="Maven.SeleniumProject.CRA" tests="1" failures="0" timestamp="27 Sep 2018 00:34:32 GMT" time="24.359" errors="0">
  <testcase name="craAccounts" time="24.359" classname="Maven.SeleniumProject.CRA"/>
</testsuite> <!-- Maven.SeleniumProject.CRA -->
