<?xml version="1.0" encoding="UTF-8"?>
<!-- Generated by org.testng.reporters.JUnitReportReporter -->
<testsuite skipped="1" hostname="Hannas-MacBook-Air.local" name="TestNGExcer.Annotation" tests="3" failures="0" timestamp="28 Sep 2018 20:15:08 GMT" time="0.014" errors="0">
  <testcase name="annotationA" time="0.012" classname="TestNGExcer.Annotation"/>
  <testcase name="annotationE" time="0.002" classname="TestNGExcer.Annotation"/>
  <testcase name="annotationD" classname="TestNGExcer.Annotation">
    <skipped/>
  </testcase> <!-- annotationD -->
</testsuite> <!-- TestNGExcer.Annotation -->
