<?xml version="1.0" encoding="UTF-8"?>
<!-- Generated by org.testng.reporters.JUnitReportReporter -->
<testsuite skipped="0" hostname="Hannas-MacBook-Air.local" name="Maven.SeleniumProject.Practice" tests="1" failures="0" timestamp="28 Sep 2018 20:34:58 GMT" time="13.132" errors="0">
  <testcase name="test" time="13.132" classname="Maven.SeleniumProject.Practice"/>
</testsuite> <!-- Maven.SeleniumProject.Practice -->
