<?xml version="1.0" encoding="UTF-8"?>
<!-- Generated by org.testng.reporters.JUnitReportReporter -->
<testsuite skipped="0" hostname="ACA864B2.ipt.aol.com" name="Maven.SeleniumProject.AppTest" tests="1" failures="0" timestamp="26 Sep 2018 16:55:54 GMT" time="0.026" errors="0">
  <testcase name="testApp" time="0.026" classname="Maven.SeleniumProject.AppTest"/>
</testsuite> <!-- Maven.SeleniumProject.AppTest -->
