<?xml version="1.0" encoding="UTF-8"?>
<!-- Generated by org.testng.reporters.JUnitReportReporter -->
<testsuite skipped="0" hostname="ACA864B2.ipt.aol.com" name="Maven.SeleniumProject.Excersice3" tests="1" failures="0" timestamp="26 Sep 2018 18:12:51 GMT" time="22.433" errors="0">
  <testcase name="craAccounts" time="22.433" classname="Maven.SeleniumProject.Excersice3"/>
</testsuite> <!-- Maven.SeleniumProject.Excersice3 -->
