<?xml version="1.0" encoding="UTF-8"?>
<!-- Generated by org.testng.reporters.JUnitReportReporter -->
<testsuite skipped="0" hostname="Hannas-MacBook-Air.local" name="Maven.SeleniumProject.Excersice2" tests="1" failures="0" timestamp="29 Sep 2018 13:20:42 GMT" time="7.409" errors="0">
  <testcase name="invokeBrowser" time="7.409" classname="Maven.SeleniumProject.Excersice2"/>
</testsuite> <!-- Maven.SeleniumProject.Excersice2 -->
