<?xml version="1.0" encoding="UTF-8"?>
<!-- Generated by org.testng.reporters.JUnitReportReporter -->
<testsuite skipped="0" hostname="ACA864B2.ipt.aol.com" name="Maven.SeleniumProject.Practice" tests="1" failures="0" timestamp="26 Sep 2018 16:55:54 GMT" time="14.102" errors="0">
  <testcase name="test" time="14.102" classname="Maven.SeleniumProject.Practice"/>
</testsuite> <!-- Maven.SeleniumProject.Practice -->
