<?xml version="1.0" encoding="UTF-8"?>
<!-- Generated by org.testng.reporters.JUnitReportReporter -->
<testsuite skipped="0" hostname="ACA864B2.ipt.aol.com" name="Maven.SeleniumProject.ExcersiceMilan" tests="1" failures="0" timestamp="26 Sep 2018 16:55:54 GMT" time="0.002" errors="0">
  <testcase name="testWebDriver" time="0.002" classname="Maven.SeleniumProject.ExcersiceMilan"/>
</testsuite> <!-- Maven.SeleniumProject.ExcersiceMilan -->
