<?xml version="1.0" encoding="UTF-8"?>
<!-- Generated by org.testng.reporters.JUnitReportReporter -->
<testsuite skipped="0" hostname="Hannas-MacBook-Air.local" name="PageObjectModel.LinkedinTestCase" tests="1" failures="0" timestamp="28 Sep 2018 13:24:52 GMT" time="11.876" errors="0">
  <testcase name="signInLink" time="11.876" classname="PageObjectModel.LinkedinTestCase"/>
</testsuite> <!-- PageObjectModel.LinkedinTestCase -->
